This file contains any messages produced by compilers while
running configure, to aid debugging if configure makes a mistake.

It was created by FULL-PACKAGE-NAME configure VERSION, which was
generated by GNU Autoconf 2.69.  Invocation command line was

  $ ./configure 

## --------- ##
## Platform. ##
## --------- ##

hostname = lorelei
uname -m = x86_64
uname -r = 12.2.0
uname -s = Darwin
uname -v = Darwin Kernel Version 12.2.0: Sat Aug 25 00:48:52 PDT 2012; root:xnu-2050.18.24~1/RELEASE_X86_64

/usr/bin/uname -p = i386
/bin/uname -X     = unknown

/bin/arch              = unknown
/usr/bin/arch -k       = unknown
/usr/convex/getsysinfo = unknown
/usr/bin/hostinfo      = Mach kernel version:
	 Darwin Kernel Version 12.2.0: Sat Aug 25 00:48:52 PDT 2012; root:xnu-2050.18.24~1/RELEASE_X86_64
Kernel configured for up to 4 processors.
2 processors are physically available.
4 processors are logically available.
Processor type: i486 (Intel 80486)
Processors active: 0 1 2 3
Primary memory available: 8.00 gigabytes
Default processor set: 130 tasks, 733 threads, 4 processors
Load average: 1.44, Mach factor: 2.55
/bin/machine           = unknown
/usr/bin/oslevel       = unknown
/bin/universe          = unknown

PATH: /usr/local/Cellar/automake/1.12.1/bin
PATH: /usr/local/Cellar/autoconf/2.69/bin
PATH: /usr/local/share/python
PATH: /bin
PATH: /Users/ahorne/Tools/bin
PATH: /bin
PATH: /usr/local/bin
PATH: /usr/local/sbin
PATH: /usr/bin
PATH: /bin
PATH: /usr/sbin
PATH: /sbin
PATH: /usr/local/bin
PATH: /opt/X11/bin


## ----------- ##
## Core tests. ##
## ----------- ##

configure:1825: checking for a BSD-compatible install
configure:1893: result: /usr/bin/install -c
configure:1904: checking whether build environment is sane
configure:1959: result: yes
configure:2110: checking for a thread-safe mkdir -p
configure:2149: result: ./install-sh -c -d
configure:2156: checking for gawk
configure:2186: result: no
configure:2156: checking for mawk
configure:2186: result: no
configure:2156: checking for nawk
configure:2186: result: no
configure:2156: checking for awk
configure:2172: found /usr/bin/awk
configure:2183: result: awk
configure:2194: checking whether make sets $(MAKE)
configure:2216: result: yes
configure:2297: checking whether make sets $(MAKE)
configure:2319: result: yes
configure:2381: checking for gcc
configure:2397: found /usr/bin/gcc
configure:2408: result: gcc
configure:2637: checking for C compiler version
configure:2646: gcc --version >&5
i686-apple-darwin11-llvm-gcc-4.2 (GCC) 4.2.1 (Based on Apple Inc. build 5658) (LLVM build 2336.11.00)
Copyright (C) 2007 Free Software Foundation, Inc.
This is free software; see the source for copying conditions.  There is NO
warranty; not even for MERCHANTABILITY or FITNESS FOR A PARTICULAR PURPOSE.

configure:2657: $? = 0
configure:2646: gcc -v >&5
Using built-in specs.
Target: i686-apple-darwin11
Configured with: /private/var/tmp/llvmgcc42/llvmgcc42-2336.11~67/src/configure --disable-checking --enable-werror --prefix=/Applications/Xcode.app/Contents/Developer/usr/llvm-gcc-4.2 --mandir=/share/man --enable-languages=c,objc,c++,obj-c++ --program-prefix=llvm- --program-transform-name=/^[cg][^.-]*$/s/$/-4.2/ --with-slibdir=/usr/lib --build=i686-apple-darwin11 --enable-llvm=/private/var/tmp/llvmgcc42/llvmgcc42-2336.11~67/dst-llvmCore/Developer/usr/local --program-prefix=i686-apple-darwin11- --host=x86_64-apple-darwin11 --target=i686-apple-darwin11 --with-gxx-include-dir=/usr/include/c++/4.2.1
Thread model: posix
gcc version 4.2.1 (Based on Apple Inc. build 5658) (LLVM build 2336.11.00)
configure:2657: $? = 0
configure:2646: gcc -V >&5
llvm-gcc-4.2: argument to `-V' is missing
configure:2657: $? = 1
configure:2646: gcc -qversion >&5
i686-apple-darwin11-llvm-gcc-4.2: no input files
configure:2657: $? = 1
configure:2677: checking whether the C compiler works
configure:2699: gcc    conftest.c  >&5
configure:2703: $? = 0
configure:2751: result: yes
configure:2754: checking for C compiler default output file name
configure:2756: result: a.out
configure:2762: checking for suffix of executables
configure:2769: gcc -o conftest    conftest.c  >&5
configure:2773: $? = 0
configure:2795: result: 
configure:2817: checking whether we are cross compiling
configure:2825: gcc -o conftest    conftest.c  >&5
configure:2829: $? = 0
configure:2836: ./conftest
configure:2840: $? = 0
configure:2855: result: no
configure:2860: checking for suffix of object files
configure:2882: gcc -c   conftest.c >&5
configure:2886: $? = 0
configure:2907: result: o
configure:2911: checking whether we are using the GNU C compiler
configure:2930: gcc -c   conftest.c >&5
configure:2930: $? = 0
configure:2939: result: yes
configure:2948: checking whether gcc accepts -g
configure:2968: gcc -c -g  conftest.c >&5
configure:2968: $? = 0
configure:3009: result: yes
configure:3026: checking for gcc option to accept ISO C89
configure:3089: gcc  -c -g -O2  conftest.c >&5
configure:3089: $? = 0
configure:3102: result: none needed
configure:3133: checking for style of include used by make
configure:3161: result: GNU
configure:3187: checking dependency style of gcc
configure:3298: result: gcc3
configure:3433: checking that generated files are newer than configure
configure:3439: result: done
configure:3462: creating ./config.status

## ---------------------- ##
## Running config.status. ##
## ---------------------- ##

This file was extended by FULL-PACKAGE-NAME config.status VERSION, which was
generated by GNU Autoconf 2.69.  Invocation command line was

  CONFIG_FILES    = 
  CONFIG_HEADERS  = 
  CONFIG_LINKS    = 
  CONFIG_COMMANDS = 
  $ ./config.status 

on lorelei

config.status:835: creating Makefile
config.status:835: creating src/Makefile
config.status:835: creating config.h
config.status:1064: executing depfiles commands

## ---------------- ##
## Cache variables. ##
## ---------------- ##

ac_cv_c_compiler_gnu=yes
ac_cv_env_CC_set=
ac_cv_env_CC_value=
ac_cv_env_CFLAGS_set=
ac_cv_env_CFLAGS_value=
ac_cv_env_CPPFLAGS_set=
ac_cv_env_CPPFLAGS_value=
ac_cv_env_LDFLAGS_set=
ac_cv_env_LDFLAGS_value=
ac_cv_env_LIBS_set=
ac_cv_env_LIBS_value=
ac_cv_env_build_alias_set=
ac_cv_env_build_alias_value=
ac_cv_env_host_alias_set=
ac_cv_env_host_alias_value=
ac_cv_env_target_alias_set=
ac_cv_env_target_alias_value=
ac_cv_objext=o
ac_cv_path_install='/usr/bin/install -c'
ac_cv_prog_AWK=awk
ac_cv_prog_ac_ct_CC=gcc
ac_cv_prog_cc_c89=
ac_cv_prog_cc_g=yes
ac_cv_prog_make_make_set=yes
am_cv_CC_dependencies_compiler_type=gcc3

## ----------------- ##
## Output variables. ##
## ----------------- ##

ACLOCAL='${SHELL} /Users/ahorne/GitHub/workshops/workshop2/missing --run aclocal-1.12'
AMDEPBACKSLASH='\'
AMDEP_FALSE='#'
AMDEP_TRUE=''
AMTAR='$${TAR-tar}'
AUTOCONF='${SHELL} /Users/ahorne/GitHub/workshops/workshop2/missing --run autoconf'
AUTOHEADER='${SHELL} /Users/ahorne/GitHub/workshops/workshop2/missing --run autoheader'
AUTOMAKE='${SHELL} /Users/ahorne/GitHub/workshops/workshop2/missing --run automake-1.12'
AWK='awk'
CC='gcc'
CCDEPMODE='depmode=gcc3'
CFLAGS='-g -O2'
CPPFLAGS=''
CYGPATH_W='echo'
DEFS='-DHAVE_CONFIG_H'
DEPDIR='.deps'
ECHO_C='\c'
ECHO_N=''
ECHO_T=''
EXEEXT=''
INSTALL_DATA='${INSTALL} -m 644'
INSTALL_PROGRAM='${INSTALL}'
INSTALL_SCRIPT='${INSTALL}'
INSTALL_STRIP_PROGRAM='$(install_sh) -c -s'
LDFLAGS=''
LIBOBJS=''
LIBS=''
LTLIBOBJS=''
MAKEINFO='${SHELL} /Users/ahorne/GitHub/workshops/workshop2/missing --run makeinfo'
MKDIR_P='./install-sh -c -d'
OBJEXT='o'
PACKAGE='list-dir'
PACKAGE_BUGREPORT='BUG-REPORT-ADDRESS'
PACKAGE_NAME='FULL-PACKAGE-NAME'
PACKAGE_STRING='FULL-PACKAGE-NAME VERSION'
PACKAGE_TARNAME='full-package-name'
PACKAGE_URL=''
PACKAGE_VERSION='VERSION'
PATH_SEPARATOR=':'
SET_MAKE=''
SHELL='/bin/sh'
STRIP=''
VERSION='1.0'
ac_ct_CC='gcc'
am__EXEEXT_FALSE=''
am__EXEEXT_TRUE='#'
am__fastdepCC_FALSE='#'
am__fastdepCC_TRUE=''
am__include='include'
am__isrc=''
am__leading_dot='.'
am__nodep='_no'
am__quote=''
am__tar='$${TAR-tar} chof - "$$tardir"'
am__untar='$${TAR-tar} xf -'
bindir='${exec_prefix}/bin'
build_alias=''
datadir='${datarootdir}'
datarootdir='${prefix}/share'
docdir='${datarootdir}/doc/${PACKAGE_TARNAME}'
dvidir='${docdir}'
exec_prefix='${prefix}'
host_alias=''
htmldir='${docdir}'
includedir='${prefix}/include'
infodir='${datarootdir}/info'
install_sh='${SHELL} /Users/ahorne/GitHub/workshops/workshop2/install-sh'
libdir='${exec_prefix}/lib'
libexecdir='${exec_prefix}/libexec'
localedir='${datarootdir}/locale'
localstatedir='${prefix}/var'
mandir='${datarootdir}/man'
oldincludedir='/usr/include'
pdfdir='${docdir}'
prefix='/usr/local'
program_transform_name='s,x,x,'
psdir='${docdir}'
sbindir='${exec_prefix}/sbin'
sharedstatedir='${prefix}/com'
sysconfdir='${prefix}/etc'
target_alias=''

## ----------- ##
## confdefs.h. ##
## ----------- ##

/* confdefs.h */
#define PACKAGE_NAME "FULL-PACKAGE-NAME"
#define PACKAGE_TARNAME "full-package-name"
#define PACKAGE_VERSION "VERSION"
#define PACKAGE_STRING "FULL-PACKAGE-NAME VERSION"
#define PACKAGE_BUGREPORT "BUG-REPORT-ADDRESS"
#define PACKAGE_URL ""
#define PACKAGE "list-dir"
#define VERSION "1.0"

configure: exit 0

## ---------------------- ##
## Running config.status. ##
## ---------------------- ##

This file was extended by FULL-PACKAGE-NAME config.status VERSION, which was
generated by GNU Autoconf 2.69.  Invocation command line was

  CONFIG_FILES    = 
  CONFIG_HEADERS  = 
  CONFIG_LINKS    = 
  CONFIG_COMMANDS = 
  $ ./config.status config.h

on lorelei

config.status:835: creating config.h
config.status:1016: config.h is unchanged
